<?xml version="1.0" encoding="UTF-8"?>
<testng-results ignored="0" total="1" passed="1" failed="0" skipped="0">
  <reporter-output>
  </reporter-output>
  <suite started-at="2023-06-09T17:05:09 IST" name="BankingProject" finished-at="2023-06-09T17:05:37 IST" duration-ms="28269">
    <groups>
    </groups>
    <test started-at="2023-06-09T17:05:09 IST" name="BankingApp Test" finished-at="2023-06-09T17:05:37 IST" duration-ms="28269">
      <class name="com.banking.testCases.TC_LoginTest_001">
        <test-method is-config="true" signature="setup(java.lang.String)[pri:0, instance:com.banking.testCases.TC_LoginTest_001@1a052a00]" started-at="2023-06-09T17:05:11 IST" name="setup" finished-at="2023-06-09T17:05:28 IST" duration-ms="17450" status="PASS">
          <params>
            <param index="0">
              <value>
                <![CDATA[chrome]]>
              </value>
            </param>
          </params>
          <reporter-output>
          </reporter-output>
        </test-method> <!-- setup -->
        <test-method signature="loginTest()[pri:0, instance:com.banking.testCases.TC_LoginTest_001@1a052a00]" started-at="2023-06-09T17:05:28 IST" name="loginTest" finished-at="2023-06-09T17:05:34 IST" duration-ms="6027" status="PASS">
          <reporter-output>
          </reporter-output>
        </test-method> <!-- loginTest -->
        <test-method is-config="true" signature="tearDown()[pri:0, instance:com.banking.testCases.TC_LoginTest_001@1a052a00]" started-at="2023-06-09T17:05:34 IST" name="tearDown" finished-at="2023-06-09T17:05:37 IST" duration-ms="2905" status="PASS">
          <reporter-output>
          </reporter-output>
        </test-method> <!-- tearDown -->
      </class> <!-- com.banking.testCases.TC_LoginTest_001 -->
    </test> <!-- BankingApp Test -->
  </suite> <!-- BankingProject -->
</testng-results>
